<?xml version="1.0" encoding="UTF-8"?>
<!-- Generated by org.testng.reporters.JUnitXMLReporter -->
<testsuite ignored="0" hostname="DESKTOP-CGB0ISB" failures="0" tests="2" name="AutomationExercise Tests" time="48.15" errors="0" timestamp="2025-08-17T13:30:39 IST">
  <testcase classname="testCases.TC001_ProductSearchPage" name="verifyProductSearch" time="6.122"/>
  <testcase classname="testCases.TC002_CartTest" name="verifyAddToCart" time="14.506"/>
</testsuite> <!-- AutomationExercise Tests -->
